TN:
SF:models/LocationModel.js
FNF:0
FNH:0
DA:1,3
DA:3,3
DA:11,3
DA:13,3
LF:4
LH:4
BRF:0
BRH:0
end_of_record
TN:
SF:models/TimesSeriesModel.js
FNF:0
FNH:0
DA:1,1
DA:2,1
DA:7,1
LF:3
LH:3
BRF:0
BRH:0
end_of_record
TN:
SF:routes/locationRoutes.js
FN:6,(anonymous_0)
FN:17,(anonymous_1)
FN:27,(anonymous_2)
FN:38,(anonymous_3)
FN:48,(anonymous_4)
FNF:5
FNH:0
FNDA:0,(anonymous_0)
FNDA:0,(anonymous_1)
FNDA:0,(anonymous_2)
FNDA:0,(anonymous_3)
FNDA:0,(anonymous_4)
DA:1,2
DA:2,2
DA:3,2
DA:6,2
DA:7,0
DA:8,0
DA:9,0
DA:10,0
DA:12,0
DA:17,2
DA:18,0
DA:19,0
DA:20,0
DA:22,0
DA:27,2
DA:28,0
DA:29,0
DA:30,0
DA:31,0
DA:33,0
DA:38,2
DA:39,0
DA:40,0
DA:41,0
DA:43,0
DA:48,2
DA:49,0
DA:50,0
DA:51,0
DA:53,0
DA:57,2
LF:31
LH:9
BRDA:30,0,0,0
BRDA:30,0,1,0
BRF:2
BRH:0
end_of_record
TN:
SF:routes/timeseriesRoutes.js
FN:5,(anonymous_0)
FN:15,(anonymous_1)
FN:24,(anonymous_2)
FN:34,(anonymous_3)
FN:43,(anonymous_4)
FNF:5
FNH:0
FNDA:0,(anonymous_0)
FNDA:0,(anonymous_1)
FNDA:0,(anonymous_2)
FNDA:0,(anonymous_3)
FNDA:0,(anonymous_4)
DA:1,1
DA:2,1
DA:3,1
DA:5,1
DA:6,0
DA:7,0
DA:8,0
DA:9,0
DA:11,0
DA:15,1
DA:16,0
DA:17,0
DA:18,0
DA:20,0
DA:24,1
DA:25,0
DA:26,0
DA:27,0
DA:28,0
DA:30,0
DA:34,1
DA:35,0
DA:36,0
DA:37,0
DA:39,0
DA:43,1
DA:44,0
DA:45,0
DA:46,0
DA:48,0
DA:52,1
LF:31
LH:9
BRDA:27,0,0,0
BRDA:27,0,1,0
BRF:2
BRH:0
end_of_record
